Using pre-set license
Built from '2020.2/release' branch; Version is '2020.2.2f1 (068178b99f32) revision 426360'; Using compiler version '192528614'; Build Type 'Release'
OS: 'Windows 10 Home; OS build 19042.746; Version 2009; 64bit' Language: 'es' Physical Memory: 16233 MB
BatchMode: 1, IsHumanControllingUs: 0, StartBugReporterOnCrash: 0, Is64bit: 1, IsPro: 0

 COMMAND LINE ARGUMENTS:
C:\Program Files\Unity\Hub\Editor\2020.2.2f1\Editor\Unity.exe
-adb2
-batchMode
-noUpm
-name
AssetImportWorker1
-projectPath
C:/Users/ASUS ROG SCAR II/OneDrive - Pontificia Universidad Cat贸lica Madre y Maestra/Repo/Escena 1
-logFile
Logs/AssetImportWorker1.log
-srvPort
61378
Successfully changed project path to: C:/Users/ASUS ROG SCAR II/OneDrive - Pontificia Universidad Cat贸lica Madre y Maestra/Repo/Escena 1
C:/Users/ASUS ROG SCAR II/OneDrive - Pontificia Universidad Cat贸lica Madre y Maestra/Repo/Escena 1
Using Asset Import Pipeline V2.
Refreshing native plugins compatible for Editor in 133.35 ms, found 1 plugins.
Preloading 0 native plugins for Editor in 0.00 ms.
Initialize engine version: 2020.2.2f1 (068178b99f32)
[Subsystems] Discovering subsystems at path C:/Program Files/Unity/Hub/Editor/2020.2.2f1/Editor/Data/Resources/UnitySubsystems
[Subsystems] Discovering subsystems at path C:/Users/ASUS ROG SCAR II/OneDrive - Pontificia Universidad Cat贸lica Madre y Maestra/Repo/Escena 1/Assets
GfxDevice: creating device client; threaded=0
Direct3D:
    Version:  Direct3D 11.0 [level 11.1]
    Renderer: NVIDIA GeForce RTX 2060 (ID=0x1f11)
    Vendor:   
    VRAM:     5980 MB
    Driver:   27.21.14.6089
Initialize mono
Mono path[0] = 'C:/Program Files/Unity/Hub/Editor/2020.2.2f1/Editor/Data/Managed'
Mono path[1] = 'C:/Program Files/Unity/Hub/Editor/2020.2.2f1/Editor/Data/MonoBleedingEdge/lib/mono/unityjit'
Mono config path = 'C:/Program Files/Unity/Hub/Editor/2020.2.2f1/Editor/Data/MonoBleedingEdge/etc'
Using monoOptions --debugger-agent=transport=dt_socket,embedding=1,server=y,suspend=n,address=127.0.0.1:56848
Begin MonoManager ReloadAssembly
Registering precompiled unity dll's ...
Register platform support module: C:/Program Files/Unity/Hub/Editor/2020.2.2f1/Editor/Data/PlaybackEngines/MacStandaloneSupport/UnityEditor.OSXStandalone.Extensions.dll
Register platform support module: C:/Program Files/Unity/Hub/Editor/2020.2.2f1/Editor/Data/PlaybackEngines/WindowsStandaloneSupport/UnityEditor.WindowsStandalone.Extensions.dll
Register platform support module: C:/Program Files/Unity/Hub/Editor/2020.2.2f1/Editor/Data/PlaybackEngines/LinuxStandaloneSupport/UnityEditor.LinuxStandalone.Extensions.dll
Registered in 0.007074 seconds.
Native extension for LinuxStandalone target not found
Native extension for WindowsStandalone target not found
Native extension for OSXStandalone target not found
Refreshing native plugins compatible for Editor in 121.22 ms, found 1 plugins.
Preloading 0 native plugins for Editor in 0.00 ms.
Invoked RoslynAnalysisRunner static constructor.
RoslynAnalysisRunner will not be running.
RoslynAnalysisRunner has terminated.
Mono: successfully reloaded assembly
- Completed reload, in  4.623 seconds
Platform modules already initialized, skipping
Registering precompiled user dll's ...
Registered in 0.002953 seconds.
Begin MonoManager ReloadAssembly
Native extension for LinuxStandalone target not found
Native extension for WindowsStandalone target not found
Native extension for OSXStandalone target not found
Refreshing native plugins compatible for Editor in 121.40 ms, found 1 plugins.
Preloading 0 native plugins for Editor in 0.00 ms.
Invoked RoslynAnalysisRunner static constructor.
RoslynAnalysisRunner will not be running.
RoslynAnalysisRunner has terminated.
Mono: successfully reloaded assembly
- Completed reload, in  2.158 seconds
Platform modules already initialized, skipping
========================================================================
Worker process is ready to serve import requests
Launched and connected shader compiler UnityShaderCompiler.exe after 0.16 seconds
Refreshing native plugins compatible for Editor in 0.89 ms, found 1 plugins.
Preloading 0 native plugins for Editor in 0.00 ms.
Unloading 1915 Unused Serialized files (Serialized files now loaded: 0)
System memory in use before: 91.5 MB.
System memory in use after: 91.6 MB.

Unloading 19 unused Assets to reduce memory usage. Loaded Objects now: 2363.
Total: 3.727900 ms (FindLiveObjects: 0.314500 ms CreateObjectMapping: 0.132800 ms MarkObjects: 3.169700 ms  DeleteObjects: 0.109100 ms)

========================================================================
Received Import Request.
  path: Assets/Animations/Player/Player.controller
  artifactKey: Guid(75628ded94b519846889425e613b7cae) Importer(815301076,1909f56bfc062723c751e8b465ee728b)
Start importing Assets/Animations/Player/Player.controller using Guid(75628ded94b519846889425e613b7cae) Importer(815301076,1909f56bfc062723c751e8b465ee728b)  -> (artifact id: '1783dddf16607fcac81438244de78be3') in 0.155112 seconds
  Import took 0.168089 seconds .

========================================================================
Received Prepare
Registering precompiled user dll's ...
Registered in 0.003042 seconds.
Begin MonoManager ReloadAssembly
Native extension for LinuxStandalone target not found
Native extension for WindowsStandalone target not found
Native extension for OSXStandalone target not found
Refreshing native plugins compatible for Editor in 0.90 ms, found 1 plugins.
Preloading 0 native plugins for Editor in 0.00 ms.
Invoked RoslynAnalysisRunner static constructor.
RoslynAnalysisRunner will not be running.
RoslynAnalysisRunner has terminated.
Mono: successfully reloaded assembly
- Completed reload, in  1.982 seconds
Platform modules already initialized, skipping
Refreshing native plugins compatible for Editor in 1.00 ms, found 1 plugins.
Preloading 0 native plugins for Editor in 0.00 ms.
Unloading 1903 Unused Serialized files (Serialized files now loaded: 0)
System memory in use before: 91.3 MB.
System memory in use after: 91.4 MB.

Unloading 7 unused Assets to reduce memory usage. Loaded Objects now: 2366.
Total: 4.025700 ms (FindLiveObjects: 0.440200 ms CreateObjectMapping: 0.190200 ms MarkObjects: 3.365200 ms  DeleteObjects: 0.028000 ms)

========================================================================
Received Import Request.
  Time since last request: 243.249512 seconds.
  path: Assets/Script/Door.cs
  artifactKey: Guid(ece43b06e8018bf4dae7827f407323e1) Importer(815301076,1909f56bfc062723c751e8b465ee728b)
Start importing Assets/Script/Door.cs using Guid(ece43b06e8018bf4dae7827f407323e1) Importer(815301076,1909f56bfc062723c751e8b465ee728b)  -> (artifact id: 'e5203b1e90e2f01c097adcfa97a5b899') in 0.030858 seconds
  Import took 0.044544 seconds .

========================================================================
Received Import Request.
  Time since last request: 0.028792 seconds.
  path: Assets/Script/Door.cs
  artifactKey: Guid(ece43b06e8018bf4dae7827f407323e1) Importer(815301076,1909f56bfc062723c751e8b465ee728b)
Start importing Assets/Script/Door.cs using Guid(ece43b06e8018bf4dae7827f407323e1) Importer(815301076,1909f56bfc062723c751e8b465ee728b)  -> (artifact id: 'e5203b1e90e2f01c097adcfa97a5b899') in 0.007441 seconds
  Import took 0.020617 seconds .

========================================================================
Received Prepare
Registering precompiled user dll's ...
Registered in 0.003116 seconds.
Begin MonoManager ReloadAssembly
Native extension for LinuxStandalone target not found
Native extension for WindowsStandalone target not found
Native extension for OSXStandalone target not found
Refreshing native plugins compatible for Editor in 0.97 ms, found 1 plugins.
Preloading 0 native plugins for Editor in 0.00 ms.
Invoked RoslynAnalysisRunner static constructor.
RoslynAnalysisRunner will not be running.
RoslynAnalysisRunner has terminated.
Mono: successfully reloaded assembly
- Completed reload, in  2.569 seconds
Platform modules already initialized, skipping
Refreshing native plugins compatible for Editor in 1.27 ms, found 1 plugins.
Preloading 0 native plugins for Editor in 0.00 ms.
Unloading 1903 Unused Serialized files (Serialized files now loaded: 0)
System memory in use before: 91.5 MB.
System memory in use after: 91.6 MB.

Unloading 7 unused Assets to reduce memory usage. Loaded Objects now: 2369.
Total: 4.241400 ms (FindLiveObjects: 0.320400 ms CreateObjectMapping: 0.147600 ms MarkObjects: 3.738200 ms  DeleteObjects: 0.033000 ms)

========================================================================
Received Prepare
Registering precompiled user dll's ...
Registered in 0.003169 seconds.
Begin MonoManager ReloadAssembly
Native extension for LinuxStandalone target not found
Native extension for WindowsStandalone target not found
Native extension for OSXStandalone target not found
Refreshing native plugins compatible for Editor in 0.92 ms, found 1 plugins.
Preloading 0 native plugins for Editor in 0.00 ms.
Invoked RoslynAnalysisRunner static constructor.
RoslynAnalysisRunner will not be running.
RoslynAnalysisRunner has terminated.
Mono: successfully reloaded assembly
- Completed reload, in  2.165 seconds
Platform modules already initialized, skipping
Refreshing native plugins compatible for Editor in 0.98 ms, found 1 plugins.
Preloading 0 native plugins for Editor in 0.00 ms.
Unloading 1903 Unused Serialized files (Serialized files now loaded: 0)
System memory in use before: 91.6 MB.
System memory in use after: 91.7 MB.

Unloading 7 unused Assets to reduce memory usage. Loaded Objects now: 2372.
Total: 3.848400 ms (FindLiveObjects: 0.323500 ms CreateObjectMapping: 0.150700 ms MarkObjects: 3.337200 ms  DeleteObjects: 0.035000 ms)

========================================================================
Received Import Request.
  Time since last request: 1427.056718 seconds.
  path: ProjectSettings/TagManager.asset
  artifactKey: Guid(00000000000000003000000000000000) Importer(815301076,1909f56bfc062723c751e8b465ee728b)
Start importing ProjectSettings/TagManager.asset using Guid(00000000000000003000000000000000) Importer(815301076,1909f56bfc062723c751e8b465ee728b)  -> (artifact id: '1dbee1ab1ea1af0d6818236f73f5fdcd') in 0.054398 seconds
  Import took 0.070772 seconds .

========================================================================
Received Prepare
Registering precompiled user dll's ...
Registered in 0.003314 seconds.
Begin MonoManager ReloadAssembly
Native extension for LinuxStandalone target not found
Native extension for WindowsStandalone target not found
Native extension for OSXStandalone target not found
Refreshing native plugins compatible for Editor in 1.47 ms, found 1 plugins.
Preloading 0 native plugins for Editor in 0.00 ms.
Invoked RoslynAnalysisRunner static constructor.
RoslynAnalysisRunner will not be running.
RoslynAnalysisRunner has terminated.
Mono: successfully reloaded assembly
- Completed reload, in  3.032 seconds
Platform modules already initialized, skipping
Refreshing native plugins compatible for Editor in 2.00 ms, found 1 plugins.
Preloading 0 native plugins for Editor in 0.00 ms.
Unloading 1903 Unused Serialized files (Serialized files now loaded: 0)
System memory in use before: 91.8 MB.
System memory in use after: 91.9 MB.

Unloading 8 unused Assets to reduce memory usage. Loaded Objects now: 2375.
Total: 8.363300 ms (FindLiveObjects: 0.641900 ms CreateObjectMapping: 0.276300 ms MarkObjects: 7.408800 ms  DeleteObjects: 0.033400 ms)

========================================================================
Received Import Request.
  Time since last request: 181.019813 seconds.
  path: Assets/Scenes/Sala.unity
  artifactKey: Guid(a29d4517d5ca6e842a1397846527fb57) Importer(815301076,1909f56bfc062723c751e8b465ee728b)
Start importing Assets/Scenes/Sala.unity using Guid(a29d4517d5ca6e842a1397846527fb57) Importer(815301076,1909f56bfc062723c751e8b465ee728b)  -> (artifact id: 'da3dda83a36882aac51e1393ea91a16b') in 0.042918 seconds
  Import took 0.059366 seconds .

========================================================================
Received Prepare
Registering precompiled user dll's ...
Registered in 0.004862 seconds.
Begin MonoManager ReloadAssembly
Native extension for LinuxStandalone target not found
Native extension for WindowsStandalone target not found
Native extension for OSXStandalone target not found
Refreshing native plugins compatible for Editor in 1.08 ms, found 1 plugins.
Preloading 0 native plugins for Editor in 0.00 ms.
Invoked RoslynAnalysisRunner static constructor.
RoslynAnalysisRunner will not be running.
RoslynAnalysisRunner has terminated.
Mono: successfully reloaded assembly
- Completed reload, in  2.702 seconds
Platform modules already initialized, skipping
Refreshing native plugins compatible for Editor in 1.48 ms, found 1 plugins.
Preloading 0 native plugins for Editor in 0.00 ms.
Unloading 1903 Unused Serialized files (Serialized files now loaded: 0)
System memory in use before: 91.9 MB.
System memory in use after: 92.0 MB.

Unloading 7 unused Assets to reduce memory usage. Loaded Objects now: 2378.
Total: 5.410600 ms (FindLiveObjects: 0.423800 ms CreateObjectMapping: 0.222500 ms MarkObjects: 4.712800 ms  DeleteObjects: 0.049000 ms)

========================================================================
Received Prepare
Registering precompiled user dll's ...
Registered in 0.003305 seconds.
Begin MonoManager ReloadAssembly
Native extension for LinuxStandalone target not found
Native extension for WindowsStandalone target not found
Native extension for OSXStandalone target not found
Refreshing native plugins compatible for Editor in 6.05 ms, found 1 plugins.
Preloading 0 native plugins for Editor in 0.00 ms.
Invoked RoslynAnalysisRunner static constructor.
RoslynAnalysisRunner will not be running.
RoslynAnalysisRunner has terminated.
Mono: successfully reloaded assembly
- Completed reload, in  3.216 seconds
Platform modules already initialized, skipping
Refreshing native plugins compatible for Editor in 1.12 ms, found 1 plugins.
Preloading 0 native plugins for Editor in 0.00 ms.
Unloading 1903 Unused Serialized files (Serialized files now loaded: 0)
System memory in use before: 92.1 MB.
System memory in use after: 92.2 MB.

Unloading 7 unused Assets to reduce memory usage. Loaded Objects now: 2381.
Total: 4.963500 ms (FindLiveObjects: 0.409400 ms CreateObjectMapping: 0.159100 ms MarkObjects: 4.347900 ms  DeleteObjects: 0.044900 ms)

========================================================================
Received Import Request.
  Time since last request: 391.285232 seconds.
  path: Assets/Prefabs/Door.prefab
  artifactKey: Guid(eff25217e6a32c94992d41fea6e2a64c) Importer(815301076,1909f56bfc062723c751e8b465ee728b)
Start importing Assets/Prefabs/Door.prefab using Guid(eff25217e6a32c94992d41fea6e2a64c) Importer(815301076,1909f56bfc062723c751e8b465ee728b)  -> (artifact id: 'f5d0f8be9ddbc942b6023d08ae0337cb') in 0.310980 seconds
  Import took 0.328407 seconds .

========================================================================
Received Import Request.
  Time since last request: 3.471746 seconds.
  path: Assets/Prefabs/Player.prefab
  artifactKey: Guid(755c0932623817d47b9f6f3c1a44bcf7) Importer(815301076,1909f56bfc062723c751e8b465ee728b)
Start importing Assets/Prefabs/Player.prefab using Guid(755c0932623817d47b9f6f3c1a44bcf7) Importer(815301076,1909f56bfc062723c751e8b465ee728b)  -> (artifact id: 'a7476ab6898166ae6839c80cd21d883a') in 0.108057 seconds
  Import took 0.122862 seconds .

========================================================================
Received Import Request.
  Time since last request: 0.029731 seconds.
  path: Assets/Prefabs/Player.prefab
  artifactKey: Guid(755c0932623817d47b9f6f3c1a44bcf7) Importer(815301076,1909f56bfc062723c751e8b465ee728b)
Start importing Assets/Prefabs/Player.prefab using Guid(755c0932623817d47b9f6f3c1a44bcf7) Importer(815301076,1909f56bfc062723c751e8b465ee728b)  -> (artifact id: 'a7476ab6898166ae6839c80cd21d883a') in 0.025525 seconds
  Import took 0.040221 seconds .

========================================================================
Received Import Request.
  Time since last request: 462.078261 seconds.
  path: Assets/Scenes/Sala.unity
  artifactKey: Guid(a29d4517d5ca6e842a1397846527fb57) Importer(815301076,1909f56bfc062723c751e8b465ee728b)
Start importing Assets/Scenes/Sala.unity using Guid(a29d4517d5ca6e842a1397846527fb57) Importer(815301076,1909f56bfc062723c751e8b465ee728b)  -> (artifact id: '332b5a4e6093a2d44deacee9d1dc4f17') in 0.017464 seconds
  Import took 0.031596 seconds .

========================================================================
Received Import Request.
  Time since last request: 61.985994 seconds.
  path: Assets/Scenes/Pasillo.unity
  artifactKey: Guid(8b4ad158f8adf9c4ca4858c4fb948a1b) Importer(815301076,1909f56bfc062723c751e8b465ee728b)
Start importing Assets/Scenes/Pasillo.unity using Guid(8b4ad158f8adf9c4ca4858c4fb948a1b) Importer(815301076,1909f56bfc062723c751e8b465ee728b)  -> (artifact id: '0667e8c7680d221a6b0a926b26b3bf58') in 0.016998 seconds
  Import took 0.027639 seconds .

========================================================================
Received Prepare
Registering precompiled user dll's ...
Registered in 0.004728 seconds.
Begin MonoManager ReloadAssembly
Native extension for LinuxStandalone target not found
Native extension for WindowsStandalone target not found
Native extension for OSXStandalone target not found
Refreshing native plugins compatible for Editor in 0.94 ms, found 1 plugins.
Preloading 0 native plugins for Editor in 0.00 ms.
Invoked RoslynAnalysisRunner static constructor.
RoslynAnalysisRunner will not be running.
RoslynAnalysisRunner has terminated.
Mono: successfully reloaded assembly
- Completed reload, in  2.196 seconds
Platform modules already initialized, skipping
Refreshing native plugins compatible for Editor in 1.14 ms, found 1 plugins.
Preloading 0 native plugins for Editor in 0.00 ms.
Unloading 1903 Unused Serialized files (Serialized files now loaded: 0)
System memory in use before: 95.3 MB.
System memory in use after: 95.4 MB.

Unloading 7 unused Assets to reduce memory usage. Loaded Objects now: 2391.
Total: 4.974400 ms (FindLiveObjects: 0.405900 ms CreateObjectMapping: 0.255300 ms MarkObjects: 4.277600 ms  DeleteObjects: 0.032500 ms)

========================================================================
Received Import Request.
  Time since last request: 144.690916 seconds.
  path: Assets/Scenes/Pasillo.unity
  artifactKey: Guid(8b4ad158f8adf9c4ca4858c4fb948a1b) Importer(815301076,1909f56bfc062723c751e8b465ee728b)
Start importing Assets/Scenes/Pasillo.unity using Guid(8b4ad158f8adf9c4ca4858c4fb948a1b) Importer(815301076,1909f56bfc062723c751e8b465ee728b)  -> (artifact id: 'a2da75833aeac16203fd5856599665bd') in 0.042362 seconds
  Import took 0.053164 seconds .

========================================================================
Received Prepare
Registering precompiled user dll's ...
Registered in 0.002898 seconds.
Begin MonoManager ReloadAssembly
Native extension for LinuxStandalone target not found
Native extension for WindowsStandalone target not found
Native extension for OSXStandalone target not found
Refreshing native plugins compatible for Editor in 1.01 ms, found 1 plugins.
Preloading 0 native plugins for Editor in 0.00 ms.
Invoked RoslynAnalysisRunner static constructor.
RoslynAnalysisRunner will not be running.
RoslynAnalysisRunner has terminated.
Mono: successfully reloaded assembly
- Completed reload, in  2.080 seconds
Platform modules already initialized, skipping
Refreshing native plugins compatible for Editor in 1.25 ms, found 1 plugins.
Preloading 0 native plugins for Editor in 0.00 ms.
Unloading 1903 Unused Serialized files (Serialized files now loaded: 0)
System memory in use before: 95.5 MB.
System memory in use after: 95.6 MB.

Unloading 7 unused Assets to reduce memory usage. Loaded Objects now: 2394.
Total: 3.608500 ms (FindLiveObjects: 0.308100 ms CreateObjectMapping: 0.149600 ms MarkObjects: 3.120600 ms  DeleteObjects: 0.028400 ms)

========================================================================
Received Import Request.
  Time since last request: 52.552605 seconds.
  path: Assets/Scenes/Dormitorio Lisa.unity
  artifactKey: Guid(0388727400c8d2c45bd5b7622cf18865) Importer(815301076,1909f56bfc062723c751e8b465ee728b)
Start importing Assets/Scenes/Dormitorio Lisa.unity using Guid(0388727400c8d2c45bd5b7622cf18865) Importer(815301076,1909f56bfc062723c751e8b465ee728b)  -> (artifact id: 'e6f0201b3b0618bd8d5e0264c2402aa3') in 0.038504 seconds
  Import took 0.048117 seconds .

========================================================================
Received Import Request.
  Time since last request: 33.780636 seconds.
  path: Assets/Scenes/Dormitorio Lisa.unity
  artifactKey: Guid(0388727400c8d2c45bd5b7622cf18865) Importer(815301076,1909f56bfc062723c751e8b465ee728b)
Start importing Assets/Scenes/Dormitorio Lisa.unity using Guid(0388727400c8d2c45bd5b7622cf18865) Importer(815301076,1909f56bfc062723c751e8b465ee728b)  -> (artifact id: '7156db46275721d1678b2231978e39ea') in 0.010082 seconds
  Import took 0.019560 seconds .

========================================================================
Received Import Request.
  Time since last request: 0.004655 seconds.
  path: Assets/Scenes/Dormitorio Lisa.unity
  artifactKey: Guid(0388727400c8d2c45bd5b7622cf18865) Importer(815301076,1909f56bfc062723c751e8b465ee728b)
Start importing Assets/Scenes/Dormitorio Lisa.unity using Guid(0388727400c8d2c45bd5b7622cf18865) Importer(815301076,1909f56bfc062723c751e8b465ee728b)  -> (artifact id: '7156db46275721d1678b2231978e39ea') in 0.009084 seconds
  Import took 0.018934 seconds .

========================================================================
Received Prepare
Registering precompiled user dll's ...
Registered in 0.003239 seconds.
Begin MonoManager ReloadAssembly
Native extension for LinuxStandalone target not found
Native extension for WindowsStandalone target not found
Native extension for OSXStandalone target not found
Refreshing native plugins compatible for Editor in 1.15 ms, found 1 plugins.
Preloading 0 native plugins for Editor in 0.00 ms.
Invoked RoslynAnalysisRunner static constructor.
RoslynAnalysisRunner will not be running.
RoslynAnalysisRunner has terminated.
Mono: successfully reloaded assembly
- Completed reload, in  2.016 seconds
Platform modules already initialized, skipping
Refreshing native plugins compatible for Editor in 1.01 ms, found 1 plugins.
Preloading 0 native plugins for Editor in 0.00 ms.
Unloading 1903 Unused Serialized files (Serialized files now loaded: 0)
System memory in use before: 95.6 MB.
System memory in use after: 95.7 MB.

Unloading 7 unused Assets to reduce memory usage. Loaded Objects now: 2397.
Total: 4.054700 ms (FindLiveObjects: 0.348400 ms CreateObjectMapping: 0.186500 ms MarkObjects: 3.485900 ms  DeleteObjects: 0.032000 ms)

========================================================================
Received Prepare
Registering precompiled user dll's ...
Registered in 0.003170 seconds.
Begin MonoManager ReloadAssembly
Native extension for LinuxStandalone target not found
Native extension for WindowsStandalone target not found
Native extension for OSXStandalone target not found
Refreshing native plugins compatible for Editor in 1.83 ms, found 1 plugins.
Preloading 0 native plugins for Editor in 0.00 ms.
Invoked RoslynAnalysisRunner static constructor.
RoslynAnalysisRunner will not be running.
RoslynAnalysisRunner has terminated.
Mono: successfully reloaded assembly
- Completed reload, in  2.349 seconds
Platform modules already initialized, skipping
Refreshing native plugins compatible for Editor in 1.02 ms, found 1 plugins.
Preloading 0 native plugins for Editor in 0.00 ms.
Unloading 1903 Unused Serialized files (Serialized files now loaded: 0)
System memory in use before: 95.7 MB.
System memory in use after: 95.9 MB.

Unloading 7 unused Assets to reduce memory usage. Loaded Objects now: 2400.
Total: 4.158800 ms (FindLiveObjects: 0.479200 ms CreateObjectMapping: 0.177600 ms MarkObjects: 3.466900 ms  DeleteObjects: 0.032500 ms)

AssetImportWorkerClient::OnTransportError - code=2 error=End of file
